<?xml version="1.0" encoding="UTF-8"?>
<testng-results skipped="0" failed="0" ignored="0" total="1" passed="1">
  <reporter-output>
  </reporter-output>
  <suite name="Suite" duration-ms="71808" started-at="2019-07-17T15:42:42Z" finished-at="2019-07-17T15:43:54Z">
    <groups>
    </groups>
    <test name="Test" duration-ms="71808" started-at="2019-07-17T15:42:42Z" finished-at="2019-07-17T15:43:54Z">
      <class name="tests.Tests">
        <test-method status="PASS" signature="setup()[pri:0, instance:tests.Tests@f6c48ac]" name="setup" is-config="true" duration-ms="35144" started-at="2019-07-17T15:42:42Z" finished-at="2019-07-17T15:43:17Z">
          <reporter-output>
          </reporter-output>
        </test-method> <!-- setup -->
        <test-method status="PASS" signature="onDemand()[pri:0, instance:tests.Tests@f6c48ac]" name="onDemand" duration-ms="32890" started-at="2019-07-17T15:43:17Z" finished-at="2019-07-17T15:43:50Z">
          <reporter-output>
          </reporter-output>
        </test-method> <!-- onDemand -->
        <test-method status="PASS" signature="teardown()[pri:0, instance:tests.Tests@f6c48ac]" name="teardown" is-config="true" duration-ms="3754" started-at="2019-07-17T15:43:50Z" finished-at="2019-07-17T15:43:54Z">
          <reporter-output>
          </reporter-output>
        </test-method> <!-- teardown -->
      </class> <!-- tests.Tests -->
    </test> <!-- Test -->
  </suite> <!-- Suite -->
</testng-results>
