<?xml version="1.0" encoding="UTF-8"?>
<testng-results skipped="0" failed="1" ignored="0" total="1" passed="0">
  <reporter-output>
  </reporter-output>
  <suite name="Default suite" duration-ms="101973" started-at="2019-08-01T14:37:56Z" finished-at="2019-08-01T14:39:38Z">
    <groups>
    </groups>
    <test name="Default test" duration-ms="101973" started-at="2019-08-01T14:37:56Z" finished-at="2019-08-01T14:39:38Z">
      <class name="tests.Tests">
        <test-method status="PASS" signature="setup()[pri:0, instance:tests.Tests@569cfc36]" name="setup" is-config="true" duration-ms="41181" started-at="2019-08-01T14:37:56Z" finished-at="2019-08-01T14:38:37Z">
          <reporter-output>
          </reporter-output>
        </test-method> <!-- setup -->
        <test-method status="FAIL" signature="onDemand()[pri:0, instance:tests.Tests@569cfc36]" name="onDemand" duration-ms="57058" started-at="2019-08-01T14:38:37Z" finished-at="2019-08-01T14:39:34Z">
          <exception class="org.openqa.selenium.NoSuchElementException">
            <message>
              <![CDATA[An element could not be located on the page using the given search parameters.
For documentation on this error, please visit: https://www.seleniumhq.org/exceptions/no_such_element.html
Build info: version: '4.0.0-alpha-1', revision: 'd1d3728cae', time: '2019-04-24T13:42:21'
System info: host: 'ibm-Latitude-E7450', ip: '127.0.1.1', os.name: 'Linux', os.arch: 'amd64', os.version: '4.15.0-54-generic', java.version: '1.8.0_202'
Driver info: io.appium.java_client.AppiumDriver
Capabilities {appActivity: org.seadvocacy.docsrchout.a..., appPackage: org.seadvocacy.docsrchout, databaseEnabled: false, desired: {appActivity: org.seadvocacy.docsrchout.a..., appPackage: org.seadvocacy.docsrchout, deviceName: Kuye(Galaxy S5), newCommandTimeout: 60, noReset: true, platformName: android, udid: 4d005fd84fef3181, version: 6.0.1}, deviceManufacturer: samsung, deviceModel: SM-G900H, deviceName: 4d005fd84fef3181, deviceScreenSize: 1080x1920, deviceUDID: 4d005fd84fef3181, javascriptEnabled: true, locationContextEnabled: false, networkConnectionEnabled: true, newCommandTimeout: 60, noReset: true, platform: LINUX, platformName: ANDROID, platformVersion: 6.0.1, takesScreenshot: true, udid: 4d005fd84fef3181, version: 6.0.1, warnings: {}, webStorageEnabled: false}
Session ID: 62430f3d-cc23-4686-8a62-f956e442ca9c
*** Element info: {Using=xpath, value=/hierarchy/android.widget.FrameLayout/android.widget.LinearLayout/android.widget.FrameLayout/android.widget.LinearLayout/android.widget.FrameLayout/android.view.ViewGroup/android.widget.ListView/android.view.ViewGroup[9]}]]>
            </message>
            <full-stacktrace>
              <![CDATA[org.openqa.selenium.NoSuchElementException: An element could not be located on the page using the given search parameters.
For documentation on this error, please visit: https://www.seleniumhq.org/exceptions/no_such_element.html
Build info: version: '4.0.0-alpha-1', revision: 'd1d3728cae', time: '2019-04-24T13:42:21'
System info: host: 'ibm-Latitude-E7450', ip: '127.0.1.1', os.name: 'Linux', os.arch: 'amd64', os.version: '4.15.0-54-generic', java.version: '1.8.0_202'
Driver info: io.appium.java_client.AppiumDriver
Capabilities {appActivity: org.seadvocacy.docsrchout.a..., appPackage: org.seadvocacy.docsrchout, databaseEnabled: false, desired: {appActivity: org.seadvocacy.docsrchout.a..., appPackage: org.seadvocacy.docsrchout, deviceName: Kuye(Galaxy S5), newCommandTimeout: 60, noReset: true, platformName: android, udid: 4d005fd84fef3181, version: 6.0.1}, deviceManufacturer: samsung, deviceModel: SM-G900H, deviceName: 4d005fd84fef3181, deviceScreenSize: 1080x1920, deviceUDID: 4d005fd84fef3181, javascriptEnabled: true, locationContextEnabled: false, networkConnectionEnabled: true, newCommandTimeout: 60, noReset: true, platform: LINUX, platformName: ANDROID, platformVersion: 6.0.1, takesScreenshot: true, udid: 4d005fd84fef3181, version: 6.0.1, warnings: {}, webStorageEnabled: false}
Session ID: 62430f3d-cc23-4686-8a62-f956e442ca9c
*** Element info: {Using=xpath, value=/hierarchy/android.widget.FrameLayout/android.widget.LinearLayout/android.widget.FrameLayout/android.widget.LinearLayout/android.widget.FrameLayout/android.view.ViewGroup/android.widget.ListView/android.view.ViewGroup[9]}
at sun.reflect.NativeConstructorAccessorImpl.newInstance0(Native Method)
at sun.reflect.NativeConstructorAccessorImpl.newInstance(NativeConstructorAccessorImpl.java:62)
at sun.reflect.DelegatingConstructorAccessorImpl.newInstance(DelegatingConstructorAccessorImpl.java:45)
at java.lang.reflect.Constructor.newInstance(Constructor.java:423)
at org.openqa.selenium.remote.codec.w3c.W3CHttpResponseCodec.createException(W3CHttpResponseCodec.java:190)
at org.openqa.selenium.remote.codec.w3c.W3CHttpResponseCodec.decode(W3CHttpResponseCodec.java:124)
at org.openqa.selenium.remote.codec.w3c.W3CHttpResponseCodec.decode(W3CHttpResponseCodec.java:51)
at org.openqa.selenium.remote.HttpCommandExecutor.execute(HttpCommandExecutor.java:161)
at io.appium.java_client.remote.AppiumCommandExecutor.execute(AppiumCommandExecutor.java:239)
at org.openqa.selenium.remote.RemoteWebDriver.execute(RemoteWebDriver.java:577)
at org.openqa.selenium.remote.RemoteWebDriver.findElement(RemoteWebDriver.java:328)
at io.appium.java_client.DefaultGenericMobileDriver.findElement(DefaultGenericMobileDriver.java:61)
at io.appium.java_client.AppiumDriver.findElement(AppiumDriver.java:1)
at org.openqa.selenium.remote.RemoteWebDriver.findElementByXPath(RemoteWebDriver.java:446)
at io.appium.java_client.DefaultGenericMobileDriver.findElementByXPath(DefaultGenericMobileDriver.java:151)
at io.appium.java_client.AppiumDriver.findElementByXPath(AppiumDriver.java:1)
at tests.Tests.onDemand(Tests.java:36)
at sun.reflect.NativeMethodAccessorImpl.invoke0(Native Method)
at sun.reflect.NativeMethodAccessorImpl.invoke(NativeMethodAccessorImpl.java:62)
at sun.reflect.DelegatingMethodAccessorImpl.invoke(DelegatingMethodAccessorImpl.java:43)
at java.lang.reflect.Method.invoke(Method.java:498)
at org.testng.internal.MethodInvocationHelper.invokeMethod(MethodInvocationHelper.java:124)
at org.testng.internal.Invoker.invokeMethod(Invoker.java:583)
at org.testng.internal.Invoker.invokeTestMethod(Invoker.java:719)
at org.testng.internal.Invoker.invokeTestMethods(Invoker.java:989)
at org.testng.internal.TestMethodWorker.invokeTestMethods(TestMethodWorker.java:125)
at org.testng.internal.TestMethodWorker.run(TestMethodWorker.java:109)
at org.testng.TestRunner.privateRun(TestRunner.java:648)
at org.testng.TestRunner.run(TestRunner.java:505)
at org.testng.SuiteRunner.runTest(SuiteRunner.java:455)
at org.testng.SuiteRunner.runSequentially(SuiteRunner.java:450)
at org.testng.SuiteRunner.privateRun(SuiteRunner.java:415)
at org.testng.SuiteRunner.run(SuiteRunner.java:364)
at org.testng.SuiteRunnerWorker.runSuite(SuiteRunnerWorker.java:52)
at org.testng.SuiteRunnerWorker.run(SuiteRunnerWorker.java:84)
at org.testng.TestNG.runSuitesSequentially(TestNG.java:1208)
at org.testng.TestNG.runSuitesLocally(TestNG.java:1137)
at org.testng.TestNG.runSuites(TestNG.java:1049)
at org.testng.TestNG.run(TestNG.java:1017)
at org.testng.remote.AbstractRemoteTestNG.run(AbstractRemoteTestNG.java:115)
at org.testng.remote.RemoteTestNG.initAndRun(RemoteTestNG.java:251)
at org.testng.remote.RemoteTestNG.main(RemoteTestNG.java:77)
]]>
            </full-stacktrace>
          </exception> <!-- org.openqa.selenium.NoSuchElementException -->
          <reporter-output>
          </reporter-output>
        </test-method> <!-- onDemand -->
        <test-method status="PASS" signature="teardown()[pri:0, instance:tests.Tests@569cfc36]" name="teardown" is-config="true" duration-ms="3686" started-at="2019-08-01T14:39:34Z" finished-at="2019-08-01T14:39:38Z">
          <reporter-output>
          </reporter-output>
        </test-method> <!-- teardown -->
      </class> <!-- tests.Tests -->
    </test> <!-- Default test -->
  </suite> <!-- Default suite -->
</testng-results>
